<?xml version="1.0" encoding="UTF-8"?>
<!-- Generated by org.testng.reporters.JUnitReportReporter -->
<testsuite hostname="shapan-HP" name="com.crm.qa.testcases.ConTactsPageTest" tests="6" failures="0" timestamp="23 Apr 2019 03:54:37 GMT" time="68.445" errors="0">
  <testcase name="multiplecheckbosTest" time="11.329" classname="com.crm.qa.testcases.ConTactsPageTest"/>
  <testcase name="verifyContactsLabelTest" time="10.376" classname="com.crm.qa.testcases.ConTactsPageTest"/>
  <testcase name="checkbosTest" time="9.755" classname="com.crm.qa.testcases.ConTactsPageTest"/>
  <testcase name="validateCreateNewContactsTest" time="11.810" classname="com.crm.qa.testcases.ConTactsPageTest"/>
  <testcase name="validateCreateNewContactsTest" time="11.935" classname="com.crm.qa.testcases.ConTactsPageTest"/>
  <testcase name="validateCreateNewContactsTest" time="13.240" classname="com.crm.qa.testcases.ConTactsPageTest"/>
</testsuite> <!-- com.crm.qa.testcases.ConTactsPageTest -->
