<?xml version="1.0" encoding="UTF-8"?>
<!-- Generated by org.testng.reporters.JUnitReportReporter -->
<testsuite hostname="shapan-HP" name="com.crm.qa.testcases.LoginPageTest" tests="3" failures="0" timestamp="23 Apr 2019 03:54:37 GMT" time="26.607" errors="0">
  <testcase name="loginTest" time="11.138" classname="com.crm.qa.testcases.LoginPageTest"/>
  <testcase name="crmLogoTest" time="6.423" classname="com.crm.qa.testcases.LoginPageTest"/>
  <testcase name="loginPageTitleTest" time="9.046" classname="com.crm.qa.testcases.LoginPageTest"/>
</testsuite> <!-- com.crm.qa.testcases.LoginPageTest -->
