<?xml version="1.0" encoding="UTF-8"?>
<!-- Generated by org.testng.reporters.JUnitReportReporter -->
<testsuite hostname="shapan-HP" name="com.crm.qa.testcases.HomePageTest" tests="3" failures="0" timestamp="27 Apr 2019 04:30:04 GMT" time="30.749" errors="0">
  <testcase name="contactsLinkClickTest" time="10.531" classname="com.crm.qa.testcases.HomePageTest"/>
  <testcase name="verifyHomePageTitleTest" time="9.622" classname="com.crm.qa.testcases.HomePageTest"/>
  <testcase name="verifyUserLabel" time="10.596" classname="com.crm.qa.testcases.HomePageTest"/>
</testsuite> <!-- com.crm.qa.testcases.HomePageTest -->
