<?xml version="1.0" encoding="UTF-8"?>
<!-- Generated by org.testng.reporters.JUnitReportReporter -->
<testsuite hostname="shapan-HP" name="com.crm.qa.testdata.LoginPageTest" tests="3" failures="0" timestamp="19 Apr 2019 18:09:43 GMT" time="35.933" errors="0">
  <testcase name="crmLogoTest" time="8.228" classname="com.crm.qa.testdata.LoginPageTest"/>
  <testcase name="loginTest" time="21.017" classname="com.crm.qa.testdata.LoginPageTest"/>
  <testcase name="loginPageTitleTest" time="6.688" classname="com.crm.qa.testdata.LoginPageTest"/>
</testsuite> <!-- com.crm.qa.testdata.LoginPageTest -->
