<?xml version="1.0" encoding="UTF-8"?>
<!-- Generated by org.testng.reporters.JUnitReportReporter -->
<testsuite hostname="shapan-HP" name="com.crm.qa.testcases.HomePageTest" tests="3" failures="0" timestamp="17 Jun 2019 18:40:52 GMT" time="77.787" errors="0">
  <testcase name="contactsLinkClickTest" time="24.462" classname="com.crm.qa.testcases.HomePageTest"/>
  <testcase name="verifyHomePageTitleTest" time="22.900" classname="com.crm.qa.testcases.HomePageTest"/>
  <testcase name="verifyUserLabel" time="30.425" classname="com.crm.qa.testcases.HomePageTest"/>
</testsuite> <!-- com.crm.qa.testcases.HomePageTest -->
