<?xml version="1.0" encoding="UTF-8"?>
<!-- Generated by org.testng.reporters.JUnitReportReporter -->
<testsuite hostname="shapan-HP" name="com.crm.qa.testcases.LoginPageTest" tests="3" failures="0" timestamp="27 Apr 2019 02:08:58 GMT" time="37.531" errors="0">
  <testcase name="loginPageTitleTest" time="15.789" classname="com.crm.qa.testcases.LoginPageTest"/>
  <testcase name="loginTest" time="13.798" classname="com.crm.qa.testcases.LoginPageTest"/>
  <testcase name="crmLogoTest" time="7.944" classname="com.crm.qa.testcases.LoginPageTest"/>
</testsuite> <!-- com.crm.qa.testcases.LoginPageTest -->
