<?xml version="1.0" encoding="UTF-8"?>
<!-- Generated by org.testng.reporters.JUnitReportReporter -->
<testsuite hostname="shapan-HP" name="com.crm.qa.testcases.HomePageTest" tests="3" failures="0" timestamp="27 Apr 2019 02:10:37 GMT" time="32.537" errors="0">
  <testcase name="contactsLinkClickTest" time="11.666" classname="com.crm.qa.testcases.HomePageTest"/>
  <testcase name="verifyHomePageTitleTest" time="10.209" classname="com.crm.qa.testcases.HomePageTest"/>
  <testcase name="verifyUserLabel" time="10.662" classname="com.crm.qa.testcases.HomePageTest"/>
</testsuite> <!-- com.crm.qa.testcases.HomePageTest -->
