<?xml version="1.0" encoding="UTF-8"?>
<!-- Generated by org.testng.reporters.JUnitReportReporter -->
<testsuite hostname="shapan-HP" name="com.crm.qa.testcases.LoginPageTest" tests="3" failures="0" timestamp="30 May 2019 10:37:58 GMT" time="26.338" errors="0">
  <testcase name="loginPageTitleTest" time="9.476" classname="com.crm.qa.testcases.LoginPageTest"/>
  <testcase name="loginTest" time="9.170" classname="com.crm.qa.testcases.LoginPageTest"/>
  <testcase name="crmLogoTest" time="7.692" classname="com.crm.qa.testcases.LoginPageTest"/>
</testsuite> <!-- com.crm.qa.testcases.LoginPageTest -->
