<?xml version="1.0" encoding="UTF-8"?>
<!-- Generated by org.testng.reporters.JUnitReportReporter -->
<testsuite hostname="shapan-HP" name="com.crm.qa.testcases.HomePageTest" tests="3" failures="0" timestamp="23 Apr 2019 03:54:37 GMT" time="28.846" errors="0">
  <testcase name="verifyHomePageTitleTest" time="9.147" classname="com.crm.qa.testcases.HomePageTest"/>
  <testcase name="verifyUserLabel" time="9.530" classname="com.crm.qa.testcases.HomePageTest"/>
  <testcase name="contactsLinkClickTest" time="10.169" classname="com.crm.qa.testcases.HomePageTest"/>
</testsuite> <!-- com.crm.qa.testcases.HomePageTest -->
