<?xml version="1.0" encoding="UTF-8"?>
<!-- Generated by org.testng.reporters.JUnitReportReporter -->
<testsuite hostname="shapan-HP" name="com.crm.qa.testcases.LoginPageTest" tests="3" failures="0" timestamp="27 Apr 2019 03:39:53 GMT" time="21.170" errors="0">
  <testcase name="loginTest" time="9.094" classname="com.crm.qa.testcases.LoginPageTest"/>
  <testcase name="loginPageTitleTest" time="6.274" classname="com.crm.qa.testcases.LoginPageTest"/>
  <testcase name="crmLogoTest" time="5.802" classname="com.crm.qa.testcases.LoginPageTest"/>
</testsuite> <!-- com.crm.qa.testcases.LoginPageTest -->
