<?xml version="1.0" encoding="UTF-8"?>
<!-- Generated by org.testng.reporters.JUnitReportReporter -->
<testsuite hostname="shapan-HP" name="com.crm.qa.testcases.LoginPageTest" tests="3" failures="0" timestamp="27 Apr 2019 06:38:31 GMT" time="22.386" errors="0">
  <testcase name="loginTest" time="8.995" classname="com.crm.qa.testcases.LoginPageTest"/>
  <testcase name="loginPageTitleTest" time="6.203" classname="com.crm.qa.testcases.LoginPageTest"/>
  <testcase name="crmLogoTest" time="7.188" classname="com.crm.qa.testcases.LoginPageTest"/>
</testsuite> <!-- com.crm.qa.testcases.LoginPageTest -->
