<?xml version="1.0" encoding="UTF-8"?>
<!-- Generated by org.testng.reporters.JUnitReportReporter -->
<testsuite hostname="shapan-HP" name="com.crm.qa.testcases.ConTactsPageTest" tests="6" failures="0" timestamp="27 Apr 2019 03:39:53 GMT" time="69.132" errors="0">
  <testcase name="checkbosTest" time="10.365" classname="com.crm.qa.testcases.ConTactsPageTest"/>
  <testcase name="verifyContactsLabelTest" time="10.315" classname="com.crm.qa.testcases.ConTactsPageTest"/>
  <testcase name="validateCreateNewContactsTest" time="12.302" classname="com.crm.qa.testcases.ConTactsPageTest"/>
  <testcase name="validateCreateNewContactsTest" time="11.802" classname="com.crm.qa.testcases.ConTactsPageTest"/>
  <testcase name="multiplecheckbosTest" time="11.750" classname="com.crm.qa.testcases.ConTactsPageTest"/>
  <testcase name="validateCreateNewContactsTest" time="12.598" classname="com.crm.qa.testcases.ConTactsPageTest"/>
</testsuite> <!-- com.crm.qa.testcases.ConTactsPageTest -->
