<?xml version="1.0" encoding="UTF-8"?>
<!-- Generated by org.testng.reporters.JUnitReportReporter -->
<testsuite hostname="shapan-HP" name="com.crm.qa.testcases.HomePageTest" tests="3" failures="0" timestamp="27 Apr 2019 06:38:31 GMT" time="29.217" errors="0">
  <testcase name="verifyUserLabel" time="9.354" classname="com.crm.qa.testcases.HomePageTest"/>
  <testcase name="contactsLinkClickTest" time="10.521" classname="com.crm.qa.testcases.HomePageTest"/>
  <testcase name="verifyHomePageTitleTest" time="9.342" classname="com.crm.qa.testcases.HomePageTest"/>
</testsuite> <!-- com.crm.qa.testcases.HomePageTest -->
