<?xml version="1.0" encoding="UTF-8"?>
<!-- Generated by org.testng.reporters.JUnitReportReporter -->
<testsuite hostname="shapan-HP" name="com.crm.qa.testcases.ConTactsPageTest" tests="6" failures="0" timestamp="27 Apr 2019 06:38:31 GMT" time="70.632" errors="0">
  <testcase name="checkbosTest" time="10.675" classname="com.crm.qa.testcases.ConTactsPageTest"/>
  <testcase name="verifyContactsLabelTest" time="11.102" classname="com.crm.qa.testcases.ConTactsPageTest"/>
  <testcase name="validateCreateNewContactsTest" time="12.177" classname="com.crm.qa.testcases.ConTactsPageTest"/>
  <testcase name="validateCreateNewContactsTest" time="12.738" classname="com.crm.qa.testcases.ConTactsPageTest"/>
  <testcase name="multiplecheckbosTest" time="11.493" classname="com.crm.qa.testcases.ConTactsPageTest"/>
  <testcase name="validateCreateNewContactsTest" time="12.447" classname="com.crm.qa.testcases.ConTactsPageTest"/>
</testsuite> <!-- com.crm.qa.testcases.ConTactsPageTest -->
